<?xml version="1.0" encoding="UTF-8"?>
<coverage generated="1778262008839" clover="3.2.0">
  <project timestamp="1778262008839" name="All files">
    <metrics statements="40" coveredstatements="37" conditionals="39" coveredconditionals="24" methods="11" coveredmethods="9" elements="90" coveredelements="70" complexity="0" loc="40" ncloc="40" packages="3" files="5" classes="5"/>
    <package name="src">
      <metrics statements="12" coveredstatements="12" conditionals="4" coveredconditionals="2" methods="4" coveredmethods="4"/>
      <file name="FirstStepsApp.tsx" path="/Users/rafael.montero/Repos/reforzamiento-react-typescript/02-first-steps/src/FirstStepsApp.tsx">
        <metrics statements="5" coveredstatements="5" conditionals="2" coveredconditionals="1" methods="2" coveredmethods="2"/>
        <line num="8" count="1" type="stmt"/>
        <line num="15" count="3" type="cond" truecount="1" falsecount="1"/>
        <line num="17" count="3" type="stmt"/>
        <line num="20" count="12" type="stmt"/>
        <line num="24" count="3" type="stmt"/>
      </file>
      <file name="MyAwesomeApp.tsx" path="/Users/rafael.montero/Repos/reforzamiento-react-typescript/02-first-steps/src/MyAwesomeApp.tsx">
        <metrics statements="7" coveredstatements="7" conditionals="2" coveredconditionals="1" methods="2" coveredmethods="2"/>
        <line num="3" count="1" type="stmt"/>
        <line num="4" count="1" type="stmt"/>
        <line num="6" count="1" type="stmt"/>
        <line num="8" count="1" type="stmt"/>
        <line num="14" count="8" type="cond" truecount="1" falsecount="1"/>
        <line num="16" count="2" type="stmt"/>
        <line num="24" count="2" type="stmt"/>
      </file>
    </package>
    <package name="src.helpers">
      <metrics statements="9" coveredstatements="7" conditionals="2" coveredconditionals="1" methods="4" coveredmethods="2"/>
      <file name="math.helper.ts" path="/Users/rafael.montero/Repos/reforzamiento-react-typescript/02-first-steps/src/helpers/math.helper.ts">
        <metrics statements="9" coveredstatements="7" conditionals="2" coveredconditionals="1" methods="4" coveredmethods="2"/>
        <line num="1" count="1" type="stmt"/>
        <line num="2" count="3" type="stmt"/>
        <line num="5" count="1" type="stmt"/>
        <line num="6" count="0" type="stmt"/>
        <line num="9" count="1" type="stmt"/>
        <line num="10" count="0" type="stmt"/>
        <line num="13" count="1" type="stmt"/>
        <line num="14" count="1" type="cond" truecount="1" falsecount="1"/>
        <line num="16" count="1" type="stmt"/>
      </file>
    </package>
    <package name="src.shopping-cart">
      <metrics statements="19" coveredstatements="18" conditionals="33" coveredconditionals="21" methods="3" coveredmethods="3"/>
      <file name="ItemCounter.module.css" path="/Users/rafael.montero/Repos/reforzamiento-react-typescript/02-first-steps/src/shopping-cart/ItemCounter.module.css">
        <metrics statements="0" coveredstatements="0" conditionals="0" coveredconditionals="0" methods="0" coveredmethods="0"/>
      </file>
      <file name="ItemCounter.tsx" path="/Users/rafael.montero/Repos/reforzamiento-react-typescript/02-first-steps/src/shopping-cart/ItemCounter.tsx">
        <metrics statements="19" coveredstatements="18" conditionals="33" coveredconditionals="21" methods="3" coveredmethods="3"/>
        <line num="10" count="10" type="cond" truecount="4" falsecount="0"/>
        <line num="12" count="10" type="cond" truecount="1" falsecount="1"/>
        <line num="14" count="10" type="stmt"/>
        <line num="15" count="2" type="stmt"/>
        <line num="16" count="2" type="stmt"/>
        <line num="17" count="10" type="cond" truecount="1" falsecount="1"/>
        <line num="18" count="10" type="stmt"/>
        <line num="19" count="2" type="cond" truecount="2" falsecount="0"/>
        <line num="21" count="1" type="stmt"/>
        <line num="22" count="0" type="stmt"/>
        <line num="25" count="10" type="stmt"/>
        <line num="26" count="10" type="stmt"/>
        <line num="28" count="10" type="cond" truecount="6" falsecount="2"/>
        <line num="31" count="10" type="cond" truecount="1" falsecount="1"/>
        <line num="32" count="10" type="cond" truecount="1" falsecount="1"/>
        <line num="33" count="10" type="cond" truecount="1" falsecount="1"/>
        <line num="34" count="10" type="cond" truecount="2" falsecount="3"/>
        <line num="36" count="10" type="cond" truecount="2" falsecount="2"/>
        <line num="37" count="10" type="stmt"/>
      </file>
    </package>
  </project>
</coverage>
