{"/Users/rafael.montero/Repos/reforzamiento-react-typescript/02-first-steps/src/FirstStepsApp.tsx": {"path":"/Users/rafael.montero/Repos/reforzamiento-react-typescript/02-first-steps/src/FirstStepsApp.tsx","statementMap":{"0":{"start":{"line":8,"column":30},"end":{"line":13,"column":null}},"1":{"start":{"line":15,"column":13},"end":{"line":17,"column":null}},"2":{"start":{"line":15,"column":29},"end":{"line":15,"column":null}},"3":{"start":{"line":15,"column":29},"end":{"line":24,"column":null}},"4":{"start":{"line":17,"column":8},"end":{"line":24,"column":null}},"5":{"start":{"line":24,"column":11},"end":{"line":24,"column":null}},"6":{"start":{"line":24,"column":11},"end":{"line":17,"column":null}},"7":{"start":{"line":20,"column":32},"end":{"line":20,"column":55}},"8":{"start":{"line":20,"column":55},"end":{"line":21,"column":null}}},"fnMap":{"0":{"name":"(anonymous_0)","decl":{"start":{"line":15,"column":13},"end":{"line":15,"column":29}},"loc":{"start":{"line":15,"column":29},"end":{"line":17,"column":null}},"line":15},"1":{"name":"_temp","decl":{"start":{"line":15,"column":29},"end":{"line":15,"column":null}},"loc":{"start":{"line":15,"column":29},"end":{"line":21,"column":null}},"line":15}},"branchMap":{"0":{"loc":{"start":{"line":15,"column":29},"end":{"line":24,"column":null}},"type":"if","locations":[{"start":{"line":15,"column":29},"end":{"line":24,"column":null}},{"start":{"line":24,"column":11},"end":{"line":24,"column":null}}],"line":15}},"s":{"0":1,"1":1,"2":3,"3":3,"4":3,"5":0,"6":3,"7":12,"8":12},"f":{"0":3,"1":12},"b":{"0":[3,0]},"meta":{"lastBranch":1,"lastFunction":2,"lastStatement":9,"seen":{"s:8:30:13:Infinity":0,"s:15:13:17:Infinity":1,"f:15:13:15:29":0,"s:15:29:15:Infinity":2,"b:15:29:24:Infinity:24:11:24:Infinity":0,"s:15:29:24:Infinity":3,"s:17:8:24:Infinity":4,"s:24:11:24:Infinity":5,"s:24:11:17:Infinity":6,"f:15:29:15:Infinity":1,"s:20:32:20:55":7,"s:20:55:21:Infinity":8}}}
,"/Users/rafael.montero/Repos/reforzamiento-react-typescript/02-first-steps/src/MyAwesomeApp.tsx": {"path":"/Users/rafael.montero/Repos/reforzamiento-react-typescript/02-first-steps/src/MyAwesomeApp.tsx","statementMap":{"0":{"start":{"line":3,"column":18},"end":{"line":3,"column":null}},"1":{"start":{"line":4,"column":17},"end":{"line":4,"column":null}},"2":{"start":{"line":6,"column":22},"end":{"line":6,"column":null}},"3":{"start":{"line":8,"column":32},"end":{"line":12,"column":null}},"4":{"start":{"line":14,"column":13},"end":{"line":16,"column":null}},"5":{"start":{"line":14,"column":28},"end":{"line":14,"column":null}},"6":{"start":{"line":14,"column":28},"end":{"line":24,"column":null}},"7":{"start":{"line":16,"column":4},"end":{"line":24,"column":null}},"8":{"start":{"line":24,"column":7},"end":{"line":24,"column":null}},"9":{"start":{"line":24,"column":7},"end":{"line":16,"column":null}},"10":{"start":{"line":14,"column":28},"end":{"line":21,"column":null}}},"fnMap":{"0":{"name":"(anonymous_0)","decl":{"start":{"line":14,"column":13},"end":{"line":14,"column":28}},"loc":{"start":{"line":14,"column":28},"end":{"line":16,"column":null}},"line":14},"1":{"name":"_temp","decl":{"start":{"line":14,"column":28},"end":{"line":14,"column":null}},"loc":{"start":{"line":14,"column":28},"end":{"line":21,"column":null}},"line":14}},"branchMap":{"0":{"loc":{"start":{"line":14,"column":28},"end":{"line":24,"column":null}},"type":"if","locations":[{"start":{"line":14,"column":28},"end":{"line":24,"column":null}},{"start":{"line":24,"column":7},"end":{"line":24,"column":null}}],"line":14}},"s":{"0":1,"1":1,"2":1,"3":1,"4":1,"5":2,"6":2,"7":2,"8":0,"9":2,"10":8},"f":{"0":2,"1":8},"b":{"0":[2,0]},"meta":{"lastBranch":1,"lastFunction":2,"lastStatement":11,"seen":{"s:3:18:3:Infinity":0,"s:4:17:4:Infinity":1,"s:6:22:6:Infinity":2,"s:8:32:12:Infinity":3,"s:14:13:16:Infinity":4,"f:14:13:14:28":0,"s:14:28:14:Infinity":5,"b:14:28:24:Infinity:24:7:24:Infinity":0,"s:14:28:24:Infinity":6,"s:16:4:24:Infinity":7,"s:24:7:24:Infinity":8,"s:24:7:16:Infinity":9,"f:14:28:14:Infinity":1,"s:14:28:21:Infinity":10}}}
,"/Users/rafael.montero/Repos/reforzamiento-react-typescript/02-first-steps/src/helpers/math.helper.ts": {"path":"/Users/rafael.montero/Repos/reforzamiento-react-typescript/02-first-steps/src/helpers/math.helper.ts","statementMap":{"0":{"start":{"line":1,"column":13},"end":{"line":2,"column":null}},"1":{"start":{"line":2,"column":4},"end":{"line":2,"column":null}},"2":{"start":{"line":5,"column":13},"end":{"line":6,"column":null}},"3":{"start":{"line":6,"column":4},"end":{"line":6,"column":null}},"4":{"start":{"line":9,"column":13},"end":{"line":10,"column":null}},"5":{"start":{"line":10,"column":4},"end":{"line":10,"column":null}},"6":{"start":{"line":13,"column":13},"end":{"line":16,"column":null}},"7":{"start":{"line":14,"column":4},"end":{"line":14,"column":null}},"8":{"start":{"line":14,"column":17},"end":{"line":14,"column":null}},"9":{"start":{"line":16,"column":4},"end":{"line":16,"column":null}}},"fnMap":{"0":{"name":"(anonymous_0)","decl":{"start":{"line":1,"column":13},"end":{"line":1,"column":20}},"loc":{"start":{"line":1,"column":45},"end":{"line":2,"column":null}},"line":1},"1":{"name":"(anonymous_1)","decl":{"start":{"line":5,"column":13},"end":{"line":5,"column":25}},"loc":{"start":{"line":5,"column":50},"end":{"line":6,"column":null}},"line":5},"2":{"name":"(anonymous_2)","decl":{"start":{"line":9,"column":13},"end":{"line":9,"column":25}},"loc":{"start":{"line":9,"column":50},"end":{"line":10,"column":null}},"line":9},"3":{"name":"(anonymous_3)","decl":{"start":{"line":13,"column":13},"end":{"line":13,"column":23}},"loc":{"start":{"line":13,"column":48},"end":{"line":16,"column":null}},"line":13}},"branchMap":{"0":{"loc":{"start":{"line":14,"column":4},"end":{"line":14,"column":null}},"type":"if","locations":[{"start":{"line":14,"column":4},"end":{"line":14,"column":null}},{"start":{},"end":{}}],"line":14}},"s":{"0":1,"1":3,"2":1,"3":0,"4":1,"5":0,"6":1,"7":1,"8":0,"9":1},"f":{"0":3,"1":0,"2":0,"3":1},"b":{"0":[0,1]},"meta":{"lastBranch":1,"lastFunction":4,"lastStatement":10,"seen":{"s:1:13:2:Infinity":0,"f:1:13:1:20":0,"s:2:4:2:Infinity":1,"s:5:13:6:Infinity":2,"f:5:13:5:25":1,"s:6:4:6:Infinity":3,"s:9:13:10:Infinity":4,"f:9:13:9:25":2,"s:10:4:10:Infinity":5,"s:13:13:16:Infinity":6,"f:13:13:13:23":3,"b:14:4:14:Infinity:undefined:undefined:undefined:undefined":0,"s:14:4:14:Infinity":7,"s:14:17:14:Infinity":8,"s:16:4:16:Infinity":9}}}
,"/Users/rafael.montero/Repos/reforzamiento-react-typescript/02-first-steps/src/shopping-cart/ItemCounter.module.css": {"path":"/Users/rafael.montero/Repos/reforzamiento-react-typescript/02-first-steps/src/shopping-cart/ItemCounter.module.css","statementMap":{},"fnMap":{},"branchMap":{},"s":{},"f":{},"b":{},"meta":{"lastBranch":0,"lastFunction":0,"lastStatement":0,"seen":{}}}
,"/Users/rafael.montero/Repos/reforzamiento-react-typescript/02-first-steps/src/shopping-cart/ItemCounter.tsx": {"path":"/Users/rafael.montero/Repos/reforzamiento-react-typescript/02-first-steps/src/shopping-cart/ItemCounter.tsx","statementMap":{"0":{"start":{"line":10,"column":13},"end":{"line":25,"column":28}},"1":{"start":{"line":10,"column":27},"end":{"line":10,"column":28}},"2":{"start":{"line":10,"column":28},"end":{"line":10,"column":30}},"3":{"start":{"line":10,"column":30},"end":{"line":10,"column":48}},"4":{"start":{"line":10,"column":48},"end":{"line":10,"column":null}},"5":{"start":{"line":12,"column":4},"end":{"line":12,"column":48}},"6":{"start":{"line":12,"column":49},"end":{"line":17,"column":6}},"7":{"start":{"line":14,"column":22},"end":{"line":16,"column":null}},"8":{"start":{"line":15,"column":8},"end":{"line":15,"column":null}},"9":{"start":{"line":16,"column":8},"end":{"line":16,"column":null}},"10":{"start":{"line":17,"column":5},"end":{"line":17,"column":6}},"11":{"start":{"line":14,"column":22},"end":{"line":14,"column":null}},"12":{"start":{"line":17,"column":6},"end":{"line":22,"column":null}},"13":{"start":{"line":18,"column":25},"end":{"line":21,"column":null}},"14":{"start":{"line":19,"column":8},"end":{"line":19,"column":null}},"15":{"start":{"line":19,"column":23},"end":{"line":19,"column":null}},"16":{"start":{"line":21,"column":8},"end":{"line":21,"column":null}},"17":{"start":{"line":22,"column":5},"end":{"line":22,"column":null}},"18":{"start":{"line":18,"column":25},"end":{"line":18,"column":null}},"19":{"start":{"line":28,"column":32},"end":{"line":28,"column":42}},"20":{"start":{"line":28,"column":61},"end":{"line":28,"column":null}},"21":{"start":{"line":28,"column":23},"end":{"line":28,"column":null}},"22":{"start":{"line":28,"column":63},"end":{"line":28,"column":null}},"23":{"start":{"line":28,"column":63},"end":{"line":31,"column":null}},"24":{"start":{"line":26,"column":12},"end":{"line":31,"column":null}},"25":{"start":{"line":31,"column":19},"end":{"line":31,"column":null}},"26":{"start":{"line":31,"column":19},"end":{"line":32,"column":null}},"27":{"start":{"line":32,"column":17},"end":{"line":32,"column":null}},"28":{"start":{"line":32,"column":55},"end":{"line":32,"column":null}},"29":{"start":{"line":32,"column":55},"end":{"line":33,"column":null}},"30":{"start":{"line":33,"column":16},"end":{"line":33,"column":null}},"31":{"start":{"line":33,"column":65},"end":{"line":33,"column":null}},"32":{"start":{"line":33,"column":65},"end":{"line":34,"column":null}},"33":{"start":{"line":34,"column":16},"end":{"line":34,"column":null}},"34":{"start":{"line":34,"column":57},"end":{"line":34,"column":null}},"35":{"start":{"line":34,"column":57},"end":{"line":36,"column":null}},"36":{"start":{"line":32,"column":12},"end":{"line":36,"column":null}},"37":{"start":{"line":36,"column":18},"end":{"line":36,"column":null}},"38":{"start":{"line":36,"column":18},"end":{"line":37,"column":null}},"39":{"start":{"line":25,"column":8},"end":{"line":32,"column":17}},"40":{"start":{"line":37,"column":18},"end":{"line":37,"column":null}},"41":{"start":{"line":37,"column":18},"end":{"line":25,"column":28}}},"fnMap":{"0":{"name":"(anonymous_0)","decl":{"start":{"line":10,"column":13},"end":{"line":10,"column":27}},"loc":{"start":{"line":10,"column":27},"end":{"line":25,"column":28}},"line":10},"1":{"name":"(anonymous_1)","decl":{"start":{"line":14,"column":22},"end":{"line":14,"column":null}},"loc":{"start":{"line":14,"column":22},"end":{"line":16,"column":null}},"line":14},"2":{"name":"(anonymous_2)","decl":{"start":{"line":18,"column":25},"end":{"line":18,"column":null}},"loc":{"start":{"line":18,"column":25},"end":{"line":21,"column":null}},"line":18}},"branchMap":{"0":{"loc":{"start":{"line":10,"column":30},"end":{"line":10,"column":48}},"type":"cond-expr","locations":[{"start":{"line":10,"column":30},"end":{"line":10,"column":48}},{"start":{"line":10,"column":30},"end":{"line":10,"column":48}}],"line":10},"1":{"loc":{"start":{"line":10,"column":48},"end":{"line":10,"column":null}},"type":"cond-expr","locations":[{"start":{"line":10,"column":48},"end":{"line":10,"column":null}},{"start":{"line":10,"column":48},"end":{"line":10,"column":null}}],"line":10},"2":{"loc":{"start":{"line":12,"column":49},"end":{"line":17,"column":6}},"type":"if","locations":[{"start":{"line":12,"column":49},"end":{"line":17,"column":6}},{"start":{"line":17,"column":5},"end":{"line":17,"column":6}}],"line":12},"3":{"loc":{"start":{"line":17,"column":6},"end":{"line":22,"column":null}},"type":"if","locations":[{"start":{"line":17,"column":6},"end":{"line":22,"column":null}},{"start":{"line":22,"column":5},"end":{"line":22,"column":null}}],"line":17},"4":{"loc":{"start":{"line":19,"column":8},"end":{"line":19,"column":null}},"type":"if","locations":[{"start":{"line":19,"column":8},"end":{"line":19,"column":null}},{"start":{},"end":{}}],"line":19},"5":{"loc":{"start":{"line":28,"column":32},"end":{"line":28,"column":42}},"type":"cond-expr","locations":[{"start":{"line":28,"column":32},"end":{"line":28,"column":42}},{"start":{"line":28,"column":32},"end":{"line":28,"column":42}}],"line":28},"6":{"loc":{"start":{"line":28,"column":61},"end":{"line":28,"column":null}},"type":"if","locations":[{"start":{"line":28,"column":61},"end":{"line":28,"column":null}},{"start":{"line":28,"column":63},"end":{"line":28,"column":null}}],"line":28},"7":{"loc":{"start":{"line":28,"column":63},"end":{"line":31,"column":null}},"type":"if","locations":[{"start":{"line":28,"column":63},"end":{"line":31,"column":null}},{"start":{"line":31,"column":19},"end":{"line":31,"column":null}}],"line":28},"8":{"loc":{"start":{"line":28,"column":63},"end":{"line":28,"column":null}},"type":"binary-expr","locations":[{"start":{"line":28,"column":63},"end":{"line":28,"column":null}},{"start":{"line":28,"column":63},"end":{"line":28,"column":null}}],"line":28},"9":{"loc":{"start":{"line":31,"column":19},"end":{"line":32,"column":null}},"type":"if","locations":[{"start":{"line":31,"column":19},"end":{"line":32,"column":null}},{"start":{"line":32,"column":55},"end":{"line":32,"column":null}}],"line":31},"10":{"loc":{"start":{"line":32,"column":55},"end":{"line":33,"column":null}},"type":"if","locations":[{"start":{"line":32,"column":55},"end":{"line":33,"column":null}},{"start":{"line":33,"column":65},"end":{"line":33,"column":null}}],"line":32},"11":{"loc":{"start":{"line":33,"column":65},"end":{"line":34,"column":null}},"type":"if","locations":[{"start":{"line":33,"column":65},"end":{"line":34,"column":null}},{"start":{"line":34,"column":57},"end":{"line":34,"column":null}}],"line":33},"12":{"loc":{"start":{"line":34,"column":57},"end":{"line":36,"column":null}},"type":"if","locations":[{"start":{"line":34,"column":57},"end":{"line":36,"column":null}},{"start":{"line":36,"column":18},"end":{"line":36,"column":null}}],"line":34},"13":{"loc":{"start":{"line":34,"column":57},"end":{"line":34,"column":null}},"type":"binary-expr","locations":[{"start":{"line":34,"column":57},"end":{"line":34,"column":null}},{"start":{"line":34,"column":57},"end":{"line":34,"column":null}},{"start":{"line":34,"column":57},"end":{"line":34,"column":null}}],"line":34},"14":{"loc":{"start":{"line":36,"column":18},"end":{"line":37,"column":null}},"type":"if","locations":[{"start":{"line":36,"column":18},"end":{"line":37,"column":null}},{"start":{"line":37,"column":18},"end":{"line":37,"column":null}}],"line":36},"15":{"loc":{"start":{"line":36,"column":18},"end":{"line":36,"column":null}},"type":"binary-expr","locations":[{"start":{"line":36,"column":18},"end":{"line":36,"column":null}},{"start":{"line":36,"column":18},"end":{"line":36,"column":null}}],"line":36}},"s":{"0":1,"1":10,"2":10,"3":10,"4":10,"5":10,"6":10,"7":10,"8":2,"9":2,"10":0,"11":10,"12":10,"13":10,"14":2,"15":1,"16":1,"17":0,"18":10,"19":10,"20":10,"21":10,"22":0,"23":10,"24":10,"25":0,"26":10,"27":10,"28":0,"29":10,"30":10,"31":0,"32":10,"33":10,"34":0,"35":10,"36":10,"37":0,"38":10,"39":10,"40":0,"41":10},"f":{"0":10,"1":2,"2":2},"b":{"0":[1,9],"1":[1,9],"2":[10,0],"3":[10,0],"4":[1,1],"5":[6,4],"6":[10,0],"7":[10,0],"8":[10,3],"9":[10,0],"10":[10,0],"11":[10,0],"12":[10,0],"13":[10,0,0],"14":[10,0],"15":[10,0]},"meta":{"lastBranch":16,"lastFunction":3,"lastStatement":42,"seen":{"s:10:13:25:28":0,"f:10:13:10:27":0,"s:10:27:10:28":1,"s:10:28:10:30":2,"s:10:30:10:48":3,"b:10:30:10:48:10:30:10:48":0,"s:10:48:10:Infinity":4,"b:10:48:10:Infinity:10:48:10:Infinity":1,"s:12:4:12:48":5,"b:12:49:17:6:17:5:17:6":2,"s:12:49:17:6":6,"s:14:22:16:Infinity":7,"f:14:22:14:Infinity":1,"s:15:8:15:Infinity":8,"s:16:8:16:Infinity":9,"s:17:5:17:6":10,"s:14:22:14:Infinity":11,"b:17:6:22:Infinity:22:5:22:Infinity":3,"s:17:6:22:Infinity":12,"s:18:25:21:Infinity":13,"f:18:25:18:Infinity":2,"b:19:8:19:Infinity:undefined:undefined:undefined:undefined":4,"s:19:8:19:Infinity":14,"s:19:23:19:Infinity":15,"s:21:8:21:Infinity":16,"s:22:5:22:Infinity":17,"s:18:25:18:Infinity":18,"s:28:32:28:42":19,"b:28:32:28:42:28:32:28:42":5,"b:28:61:28:Infinity:28:63:28:Infinity":6,"s:28:61:28:Infinity":20,"s:28:23:28:Infinity":21,"s:28:63:28:Infinity":22,"b:28:63:31:Infinity:31:19:31:Infinity":7,"s:28:63:31:Infinity":23,"b:28:63:28:Infinity:28:63:28:Infinity":8,"s:26:12:31:Infinity":24,"s:31:19:31:Infinity":25,"b:31:19:32:Infinity:32:55:32:Infinity":9,"s:31:19:32:Infinity":26,"s:32:17:32:Infinity":27,"s:32:55:32:Infinity":28,"b:32:55:33:Infinity:33:65:33:Infinity":10,"s:32:55:33:Infinity":29,"s:33:16:33:Infinity":30,"s:33:65:33:Infinity":31,"b:33:65:34:Infinity:34:57:34:Infinity":11,"s:33:65:34:Infinity":32,"s:34:16:34:Infinity":33,"s:34:57:34:Infinity":34,"b:34:57:36:Infinity:36:18:36:Infinity":12,"s:34:57:36:Infinity":35,"b:34:57:34:Infinity:34:57:34:Infinity:34:57:34:Infinity":13,"s:32:12:36:Infinity":36,"s:36:18:36:Infinity":37,"b:36:18:37:Infinity:37:18:37:Infinity":14,"s:36:18:37:Infinity":38,"b:36:18:36:Infinity:36:18:36:Infinity":15,"s:25:8:32:17":39,"s:37:18:37:Infinity":40,"s:37:18:25:28":41}}}
}
